\BOOKMARK [0][-]{label:frontpage.0}{Front page}{}% 1
\BOOKMARK [0][-]{label:titlepage_en.0}{English title page}{}% 2
\BOOKMARK [0][-]{label:contents.0}{Contents}{}% 3
\BOOKMARK [0][-]{chapter.1}{1 Introduction}{}% 4
\BOOKMARK [1][-]{section.1.1}{1.1 The Arduino UNO}{chapter.1}% 5
\BOOKMARK [2][-]{subsection.1.1.1}{1.1.1 Why Arduino?}{section.1.1}% 6
\BOOKMARK [2][-]{subsection.1.1.2}{1.1.2 Operation of Arduino}{section.1.1}% 7
\BOOKMARK [1][-]{section.1.2}{1.2 The HC-SR04 Ultrasonic Sensor}{chapter.1}% 8
\BOOKMARK [2][-]{subsection.1.2.1}{1.2.1 Features}{section.1.2}% 9
\BOOKMARK [2][-]{subsection.1.2.2}{1.2.2 HC-SR04 : Pin Definitions}{section.1.2}% 10
\BOOKMARK [2][-]{subsection.1.2.3}{1.2.3 Operation of the HC-SR04}{section.1.2}% 11
\BOOKMARK [1][-]{section.1.3}{1.3 \040Micro-Servo Motor}{chapter.1}% 12
\BOOKMARK [0][-]{chapter.2}{2 Circuit Schematics}{}% 13
\BOOKMARK [1][-]{section.2.1}{2.1 Arduino Pin Connections}{chapter.2}% 14
\BOOKMARK [1][-]{section.2.2}{2.2 Breadboard View}{chapter.2}% 15
\BOOKMARK [1][-]{section.2.3}{2.3 Schematic view}{chapter.2}% 16
\BOOKMARK [0][-]{chapter.3}{3 Development and Simulation}{}% 17
\BOOKMARK [1][-]{section.3.1}{3.1 Arduino IDE}{chapter.3}% 18
\BOOKMARK [1][-]{section.3.2}{3.2 Simulation with Proteus}{chapter.3}% 19
\BOOKMARK [1][-]{section.3.3}{3.3 Processing}{chapter.3}% 20
\BOOKMARK [0][-]{chapter.4}{4 Explaining the Codes}{}% 21
\BOOKMARK [1][-]{section.4.1}{4.1 The Arduino Code}{chapter.4}% 22
\BOOKMARK [1][-]{section.4.2}{4.2 The Processing Code}{chapter.4}% 23
\BOOKMARK [0][-]{chapter.5}{5 Observations}{}% 24
\BOOKMARK [1][-]{section.5.1}{5.1 Calibration}{chapter.5}% 25
\BOOKMARK [2][-]{subsection.5.1.1}{5.1.1 Calibration of Measurements}{section.5.1}% 26
\BOOKMARK [2][-]{subsection.5.1.2}{5.1.2 Optimising Speed}{section.5.1}% 27
\BOOKMARK [1][-]{section.5.2}{5.2 Graphs}{chapter.5}% 28
\BOOKMARK [1][-]{section.5.3}{5.3 Challenges}{chapter.5}% 29
\BOOKMARK [1][-]{section.5.4}{5.4 Identified Problem}{chapter.5}% 30
\BOOKMARK [1][-]{section.5.5}{5.5 Proposed Solution}{chapter.5}% 31
\BOOKMARK [0][-]{chapter.6}{6 Conclusion}{}% 32
\BOOKMARK [0][-]{appendix.A}{A Acknowledgements}{}% 33
\BOOKMARK [0][-]{appendix.B}{B The Team}{}% 34
\BOOKMARK [0][-]{appendix.C}{C Appendix A : Arduino Code}{}% 35
\BOOKMARK [0][-]{appendix.D}{D Appendix B : Processing Code}{}% 36
